<?xml version="1.0" encoding="UTF-8"?>
<!-- Generated by org.testng.reporters.JUnitXMLReporter -->
<testsuite ignored="2" hostname="LAPTOP-G6N3LA4U" failures="0" tests="2" name="Test" time="0.501" errors="0" timestamp="2023-08-14T16:20:18 IST">
  <testcase classname="TestNg_Group.Sample1" name="demo1" time="0.05"/>
  <testcase classname="TestNg_Group.Sample2" name="demo4" time="0.005"/>
  <testcase classname="TestNg_Group.Sample1" name="demo2" time="0.0">
    <ignored/>
  </testcase> <!-- demo2 -->
  <testcase classname="TestNg_Group.Sample2" name="demo3" time="0.0">
    <ignored/>
  </testcase> <!-- demo3 -->
</testsuite> <!-- Test -->
